Buildfile: C:\Users\narra\Documents\GitHub\catissue-git\wustl-common-package\build.xml

init:
   [delete] Deleting directory C:\Users\narra\Documents\GitHub\catissue-git\wustl-common-package\classes
    [mkdir] Created dir: C:\Users\narra\Documents\GitHub\catissue-git\wustl-common-package\classes
   [delete] Deleting directory C:\Users\narra\Documents\GitHub\catissue-git\wustl-common-package\junit
    [mkdir] Created dir: C:\Users\narra\Documents\GitHub\catissue-git\wustl-common-package\junit
   [delete] Deleting directory C:\Users\narra\Documents\GitHub\catissue-git\wustl-common-package\checkstyle\checkstyle_reports
    [mkdir] Created dir: C:\Users\narra\Documents\GitHub\catissue-git\wustl-common-package\checkstyle\checkstyle_reports
   [delete] Deleting directory C:\Users\narra\Documents\GitHub\catissue-git\wustl-common-package\pmd-3.8\reports
    [mkdir] Created dir: C:\Users\narra\Documents\GitHub\catissue-git\wustl-common-package\pmd-3.8\reports

compile:
    [javac] Compiling 290 source files to C:\Users\narra\Documents\GitHub\catissue-git\wustl-common-package\classes
    [javac] C:\Users\narra\Documents\GitHub\catissue-git\wustl-common-package\src\edu\wustl\common\factory\AbstractBizLogicFactory.java:47: warning: non-varargs call of varargs method with inexact argument type for last parameter;
    [javac] cast to java.lang.Class for a varargs call
    [javac] cast to java.lang.Class[] for a non-varargs call and to suppress this warning
    [javac]             Method getInstanceMethod = bizLogicFactoryClass.getMethod("getInstance", null);
    [javac]                                                                                      ^
    [javac] C:\Users\narra\Documents\GitHub\catissue-git\wustl-common-package\src\edu\wustl\common\factory\AbstractBizLogicFactory.java:48: warning: non-varargs call of varargs method with inexact argument type for last parameter;
    [javac] cast to java.lang.Object for a varargs call
    [javac] cast to java.lang.Object[] for a non-varargs call and to suppress this warning
    [javac]             Object bizLogicFactory = getInstanceMethod.invoke(null,null);
    [javac]                                                                    ^
    [javac] Note: Some input files use or override a deprecated API.
    [javac] Note: Recompile with -Xlint:deprecation for details.
    [javac] Note: Some input files use unchecked or unsafe operations.
    [javac] Note: Recompile with -Xlint:unchecked for details.
    [javac] 2 warnings
     [copy] Copying 19 files to C:\Users\narra\Documents\GitHub\catissue-git\wustl-common-package\classes

BUILD SUCCESSFUL
Total time: 11 seconds
